<?xml version="1.0" encoding="UTF-8"?>
<!-- Generated by org.testng.reporters.JUnitReportReporter -->
<testsuite hostname="DESKTOP-V16AQSL" failures="0" tests="3" name="Test_Runner.Test_Runner" time="34.661" errors="0" timestamp="2023-12-18T17:13:44 IST" skipped="0">
  <testcase classname="Test_Runner.Test_Runner" name="runScenario" time="9.013"/>
  <system-out/>
  <testcase classname="Test_Runner.Test_Runner" name="runScenario" time="13.791"/>
  <system-out/>
  <testcase classname="Test_Runner.Test_Runner" name="runScenario" time="11.857"/>
  <system-out/>
</testsuite> <!-- Test_Runner.Test_Runner -->
