<?xml version="1.0" encoding="UTF-8"?>
<!-- Generated by org.testng.reporters.JUnitReportReporter -->
<testsuite hostname="DESKTOP-V16AQSL" failures="0" tests="3" name="Test_Runner.Test_Runner" time="37.340" errors="0" timestamp="2023-12-18T12:37:23 IST" skipped="0">
  <testcase classname="Test_Runner.Test_Runner" name="runScenario" time="8.481"/>
  <system-out/>
  <testcase classname="Test_Runner.Test_Runner" name="runScenario" time="12.742"/>
  <system-out/>
  <testcase classname="Test_Runner.Test_Runner" name="runScenario" time="16.117"/>
  <system-out/>
</testsuite> <!-- Test_Runner.Test_Runner -->
