<?xml version="1.0" encoding="UTF-8"?>
<!-- Generated by org.testng.reporters.JUnitReportReporter -->
<testsuite hostname="DESKTOP-V16AQSL" failures="0" tests="1" name="Test_Runner.Runner" time="9.172" errors="0" timestamp="2023-12-14T11:50:56 IST" skipped="0">
  <testcase classname="Test_Runner.Runner" name="runScenario" time="9.172"/>
  <system-out/>
</testsuite> <!-- Test_Runner.Runner -->
